#-----------------------------------------------------------
# Vivado v2019.2 (64-bit)
# SW Build 2708876 on Wed Nov  6 21:40:23 MST 2019
# IP Build 2700528 on Thu Nov  7 00:09:20 MST 2019
# Start of session at: Sat Apr 11 16:21:32 2020
# Process ID: 21020
# Current directory: F:/cmpe140/mips_processor
# Command line: vivado.exe -gui_launcher_event rodinguilauncherevent2252 F:\cmpe140\mips_processor\mips_processor.xpr
# Log file: F:/cmpe140/mips_processor/vivado.log
# Journal file: F:/cmpe140/mips_processor\vivado.jou
#-----------------------------------------------------------
start_gui
open_project F:/cmpe140/mips_processor/mips_processor.xpr
Scanning sources...
Finished scanning sources
INFO: [IP_Flow 19-234] Refreshing IP repositories
INFO: [IP_Flow 19-1704] No user IP repositories specified
INFO: [IP_Flow 19-2313] Loaded Vivado IP repository 'F:/Xilinx/Vivado/2019.2/data/ip'.
update_compile_order -fileset sources_1
close_project
source F:/cmpe140/mips_processor/create_project.tcl
# set origin_dir [file dirname [file normalize [info script]]]
# cd $origin_dir
# if { [info exists ::origin_dir_loc] } {
#   set origin_dir $::origin_dir_loc
# }
# set _xil_proj_name_ "mips_processor"
# if { [info exists ::user_project_name] } {
#   set _xil_proj_name_ $::user_project_name
# }
# variable script_file
# set script_file "create_project.tcl"
# proc print_help {} {
#   variable script_file
#   puts "\nDescription:"
#   puts "Recreate a Vivado project from this script. The created project will be"
#   puts "functionally equivalent to the original project for which this script was"
#   puts "generated. The script contains commands for creating a project, filesets,"
#   puts "runs, adding/importing sources and setting properties on various objects.\n"
#   puts "Syntax:"
#   puts "$script_file"
#   puts "$script_file -tclargs \[--origin_dir <path>\]"
#   puts "$script_file -tclargs \[--project_name <name>\]"
#   puts "$script_file -tclargs \[--help\]\n"
#   puts "Usage:"
#   puts "Name                   Description"
#   puts "-------------------------------------------------------------------------"
#   puts "\[--origin_dir <path>\]  Determine source file paths wrt this path. Default"
#   puts "                       origin_dir path value is \".\", otherwise, the value"
#   puts "                       that was set with the \"-paths_relative_to\" switch"
#   puts "                       when this script was generated.\n"
#   puts "\[--project_name <name>\] Create project with the specified name. Default"
#   puts "                       name is the name of the project from where this"
#   puts "                       script was generated.\n"
#   puts "\[--help\]               Print help information for this script"
#   puts "-------------------------------------------------------------------------\n"
#   exit 0
# }
# if { $::argc > 0 } {
#   for {set i 0} {$i < $::argc} {incr i} {
#     set option [string trim [lindex $::argv $i]]
#     switch -regexp -- $option {
#       "--origin_dir"   { incr i; set origin_dir [lindex $::argv $i] }
#       "--project_name" { incr i; set _xil_proj_name_ [lindex $::argv $i] }
#       "--help"         { print_help }
#       default {
#         if { [regexp {^-} $option] } {
#           puts "ERROR: Unknown option '$option' specified, please type '$script_file -tclargs --help' for usage info.\n"
#           return 1
#         }
#       }
#     }
#   }
# }
# set orig_proj_dir "[file normalize "$origin_dir/"]"
# create_project ${_xil_proj_name_} ./${_xil_proj_name_} -part xc7k70tfbv676-1
INFO: [IP_Flow 19-234] Refreshing IP repositories
INFO: [IP_Flow 19-1704] No user IP repositories specified
INFO: [IP_Flow 19-2313] Loaded Vivado IP repository 'F:/Xilinx/Vivado/2019.2/data/ip'.
# set proj_dir [get_property directory [current_project]]
# set obj [current_project]
# set_property -name "default_lib" -value "xil_defaultlib" -objects $obj
# set_property -name "enable_vhdl_2008" -value "1" -objects $obj
# set_property -name "ip_cache_permissions" -value "read write" -objects $obj
# set_property -name "ip_output_repo" -value "$proj_dir/${_xil_proj_name_}.cache/ip" -objects $obj
# set_property -name "mem.enable_memory_map_generation" -value "1" -objects $obj
# set_property -name "part" -value "xc7k70tfbv676-1" -objects $obj
# set_property -name "sim.central_dir" -value "$proj_dir/${_xil_proj_name_}.ip_user_files" -objects $obj
# set_property -name "sim.ip.auto_export_scripts" -value "1" -objects $obj
# set_property -name "simulator_language" -value "Mixed" -objects $obj
# set_property -name "target_simulator" -value "ActiveHDL" -objects $obj
# if {[string equal [get_filesets -quiet sources_1] ""]} {
#   create_fileset -srcset sources_1
# }
# set obj [get_filesets sources_1]
# set files [list \
#  [file normalize "${origin_dir}/mips_processor.srcs/sources_1/new/adder.v" ]\
#  [file normalize "${origin_dir}/mips_processor.srcs/sources_1/new/alu.v" ]\
#  [file normalize "${origin_dir}/mips_processor.srcs/sources_1/new/auxdec.v" ]\
#  [file normalize "${origin_dir}/mips_processor.srcs/sources_1/new/button_debouncer.v" ]\
#  [file normalize "${origin_dir}/mips_processor.srcs/sources_1/new/clk_gen.v" ]\
#  [file normalize "${origin_dir}/mips_processor.srcs/sources_1/new/controlunit.v" ]\
#  [file normalize "${origin_dir}/mips_processor.srcs/sources_1/new/datapath.v" ]\
#  [file normalize "${origin_dir}/mips_processor.srcs/sources_1/new/dmem.v" ]\
#  [file normalize "${origin_dir}/mips_processor.srcs/sources_1/new/dreg.v" ]\
#  [file normalize "${origin_dir}/mips_processor.srcs/sources_1/new/hex_to_7seg.v" ]\
#  [file normalize "${origin_dir}/mips_processor.srcs/sources_1/new/imem.v" ]\
#  [file normalize "${origin_dir}/mips_processor.srcs/sources_1/new/led_mux.v" ]\
#  [file normalize "${origin_dir}/mips_processor.srcs/sources_1/new/maindec.v" ]\
#  [file normalize "${origin_dir}/mips_processor.srcs/sources_1/new/mips.v" ]\
#  [file normalize "${origin_dir}/mips_processor.srcs/sources_1/new/mips_top.v" ]\
#  [file normalize "${origin_dir}/mips_processor.srcs/sources_1/new/mux2.v" ]\
#  [file normalize "${origin_dir}/mips_processor.srcs/sources_1/new/regfile.v" ]\
#  [file normalize "${origin_dir}/mips_processor.srcs/sources_1/new/signext.v" ]\
#  [file normalize "${origin_dir}/mips_processor.srcs/sources_1/new/mips_fpga.v" ]\
#  [file normalize "${origin_dir}/mips_processor.srcs/sources_1/new/mux6.v" ]\
#  [file normalize "${origin_dir}/mips_processor.srcs/sources_1/new/multiplier.v" ]\
#  [file normalize "${origin_dir}/mips_processor.srcs/sources_1/new/shifter.v" ]\
#  [file normalize "${origin_dir}/mips_processor.srcs/sources_1/new/mux3.v" ]\
# ]
# set added_files [add_files -fileset sources_1 $files]
# set obj [get_filesets sources_1]
# set_property -name "top" -value "mips_fpga" -objects $obj
# if {[string equal [get_filesets -quiet constrs_1] ""]} {
#   create_fileset -constrset constrs_1
# }
# set obj [get_filesets constrs_1]
# set file "[file normalize "$origin_dir/mips_processor.srcs/constrs_1/new/mips_fpga.xdc"]"
# set file_added [add_files -norecurse -fileset $obj [list $file]]
# set file "new/mips_fpga.xdc"
# set file_obj [get_files -of_objects [get_filesets constrs_1] [list "*$file"]]
# set_property -name "file_type" -value "XDC" -objects $file_obj
# set obj [get_filesets constrs_1]
# set_property -name "target_part" -value "xc7k70tfbv676-1" -objects $obj
# if {[string equal [get_filesets -quiet sim_1] ""]} {
#   create_fileset -simset sim_1
# }
# set obj [get_filesets sim_1]
# set files [list \
#  [file normalize "${origin_dir}/mips_processor.srcs/sim_1/new/tb_mips_top.v" ]\
# ]
# set added_files [add_files -fileset sim_1 $files]
# set obj [get_filesets sim_1]
# set_property -name "top" -value "mips_fpga" -objects $obj
# set_property -name "top_lib" -value "xil_defaultlib" -objects $obj
# set obj [get_filesets utils_1]
# set obj [get_filesets utils_1]
# if {[string equal [get_runs -quiet synth_1] ""]} {
#     create_run -name synth_1 -part xc7k70tfbv676-1 -flow {Vivado Synthesis 2019} -strategy "Vivado Synthesis Defaults" -report_strategy {No Reports} -constrset constrs_1
# } else {
#   set_property strategy "Vivado Synthesis Defaults" [get_runs synth_1]
#   set_property flow "Vivado Synthesis 2019" [get_runs synth_1]
# }
# set obj [get_runs synth_1]
# set_property set_report_strategy_name 1 $obj
# set_property report_strategy {Vivado Synthesis Default Reports} $obj
# set_property set_report_strategy_name 0 $obj
# if { [ string equal [get_report_configs -of_objects [get_runs synth_1] synth_1_synth_report_utilization_0] "" ] } {
#   create_report_config -report_name synth_1_synth_report_utilization_0 -report_type report_utilization:1.0 -steps synth_design -runs synth_1
# }
# set obj [get_report_configs -of_objects [get_runs synth_1] synth_1_synth_report_utilization_0]
# if { $obj != "" } {
# 
# }
# set obj [get_runs synth_1]
# set_property -name "part" -value "xc7k70tfbv676-1" -objects $obj
# set_property -name "strategy" -value "Vivado Synthesis Defaults" -objects $obj
# current_run -synthesis [get_runs synth_1]
# if {[string equal [get_runs -quiet impl_1] ""]} {
#     create_run -name impl_1 -part xc7k70tfbv676-1 -flow {Vivado Implementation 2019} -strategy "Vivado Implementation Defaults" -report_strategy {No Reports} -constrset constrs_1 -parent_run synth_1
# } else {
#   set_property strategy "Vivado Implementation Defaults" [get_runs impl_1]
#   set_property flow "Vivado Implementation 2019" [get_runs impl_1]
# }
# set obj [get_runs impl_1]
# set_property set_report_strategy_name 1 $obj
# set_property report_strategy {Vivado Implementation Default Reports} $obj
# set_property set_report_strategy_name 0 $obj
# if { [ string equal [get_report_configs -of_objects [get_runs impl_1] impl_1_init_report_timing_summary_0] "" ] } {
#   create_report_config -report_name impl_1_init_report_timing_summary_0 -report_type report_timing_summary:1.0 -steps init_design -runs impl_1
# }
# set obj [get_report_configs -of_objects [get_runs impl_1] impl_1_init_report_timing_summary_0]
# if { $obj != "" } {
# set_property -name "is_enabled" -value "0" -objects $obj
# set_property -name "options.max_paths" -value "10" -objects $obj
# 
# }
# if { [ string equal [get_report_configs -of_objects [get_runs impl_1] impl_1_opt_report_drc_0] "" ] } {
#   create_report_config -report_name impl_1_opt_report_drc_0 -report_type report_drc:1.0 -steps opt_design -runs impl_1
# }
# set obj [get_report_configs -of_objects [get_runs impl_1] impl_1_opt_report_drc_0]
# if { $obj != "" } {
# 
# }
# if { [ string equal [get_report_configs -of_objects [get_runs impl_1] impl_1_opt_report_timing_summary_0] "" ] } {
#   create_report_config -report_name impl_1_opt_report_timing_summary_0 -report_type report_timing_summary:1.0 -steps opt_design -runs impl_1
# }
# set obj [get_report_configs -of_objects [get_runs impl_1] impl_1_opt_report_timing_summary_0]
# if { $obj != "" } {
# set_property -name "is_enabled" -value "0" -objects $obj
# set_property -name "options.max_paths" -value "10" -objects $obj
# 
# }
# if { [ string equal [get_report_configs -of_objects [get_runs impl_1] impl_1_power_opt_report_timing_summary_0] "" ] } {
#   create_report_config -report_name impl_1_power_opt_report_timing_summary_0 -report_type report_timing_summary:1.0 -steps power_opt_design -runs impl_1
# }
# set obj [get_report_configs -of_objects [get_runs impl_1] impl_1_power_opt_report_timing_summary_0]
# if { $obj != "" } {
# set_property -name "is_enabled" -value "0" -objects $obj
# set_property -name "options.max_paths" -value "10" -objects $obj
# 
# }
# if { [ string equal [get_report_configs -of_objects [get_runs impl_1] impl_1_place_report_io_0] "" ] } {
#   create_report_config -report_name impl_1_place_report_io_0 -report_type report_io:1.0 -steps place_design -runs impl_1
# }
# set obj [get_report_configs -of_objects [get_runs impl_1] impl_1_place_report_io_0]
# if { $obj != "" } {
# 
# }
# if { [ string equal [get_report_configs -of_objects [get_runs impl_1] impl_1_place_report_utilization_0] "" ] } {
#   create_report_config -report_name impl_1_place_report_utilization_0 -report_type report_utilization:1.0 -steps place_design -runs impl_1
# }
# set obj [get_report_configs -of_objects [get_runs impl_1] impl_1_place_report_utilization_0]
# if { $obj != "" } {
# 
# }
# if { [ string equal [get_report_configs -of_objects [get_runs impl_1] impl_1_place_report_control_sets_0] "" ] } {
#   create_report_config -report_name impl_1_place_report_control_sets_0 -report_type report_control_sets:1.0 -steps place_design -runs impl_1
# }
# set obj [get_report_configs -of_objects [get_runs impl_1] impl_1_place_report_control_sets_0]
# if { $obj != "" } {
# set_property -name "options.verbose" -value "1" -objects $obj
# 
# }
# if { [ string equal [get_report_configs -of_objects [get_runs impl_1] impl_1_place_report_incremental_reuse_0] "" ] } {
#   create_report_config -report_name impl_1_place_report_incremental_reuse_0 -report_type report_incremental_reuse:1.0 -steps place_design -runs impl_1
# }
# set obj [get_report_configs -of_objects [get_runs impl_1] impl_1_place_report_incremental_reuse_0]
# if { $obj != "" } {
# set_property -name "is_enabled" -value "0" -objects $obj
# 
# }
# if { [ string equal [get_report_configs -of_objects [get_runs impl_1] impl_1_place_report_incremental_reuse_1] "" ] } {
#   create_report_config -report_name impl_1_place_report_incremental_reuse_1 -report_type report_incremental_reuse:1.0 -steps place_design -runs impl_1
# }
# set obj [get_report_configs -of_objects [get_runs impl_1] impl_1_place_report_incremental_reuse_1]
# if { $obj != "" } {
# set_property -name "is_enabled" -value "0" -objects $obj
# 
# }
# if { [ string equal [get_report_configs -of_objects [get_runs impl_1] impl_1_place_report_timing_summary_0] "" ] } {
#   create_report_config -report_name impl_1_place_report_timing_summary_0 -report_type report_timing_summary:1.0 -steps place_design -runs impl_1
# }
# set obj [get_report_configs -of_objects [get_runs impl_1] impl_1_place_report_timing_summary_0]
# if { $obj != "" } {
# set_property -name "is_enabled" -value "0" -objects $obj
# set_property -name "options.max_paths" -value "10" -objects $obj
# 
# }
# if { [ string equal [get_report_configs -of_objects [get_runs impl_1] impl_1_post_place_power_opt_report_timing_summary_0] "" ] } {
#   create_report_config -report_name impl_1_post_place_power_opt_report_timing_summary_0 -report_type report_timing_summary:1.0 -steps post_place_power_opt_design -runs impl_1
# }
# set obj [get_report_configs -of_objects [get_runs impl_1] impl_1_post_place_power_opt_report_timing_summary_0]
# if { $obj != "" } {
# set_property -name "is_enabled" -value "0" -objects $obj
# set_property -name "options.max_paths" -value "10" -objects $obj
# 
# }
# if { [ string equal [get_report_configs -of_objects [get_runs impl_1] impl_1_phys_opt_report_timing_summary_0] "" ] } {
#   create_report_config -report_name impl_1_phys_opt_report_timing_summary_0 -report_type report_timing_summary:1.0 -steps phys_opt_design -runs impl_1
# }
# set obj [get_report_configs -of_objects [get_runs impl_1] impl_1_phys_opt_report_timing_summary_0]
# if { $obj != "" } {
# set_property -name "is_enabled" -value "0" -objects $obj
# set_property -name "options.max_paths" -value "10" -objects $obj
# 
# }
# if { [ string equal [get_report_configs -of_objects [get_runs impl_1] impl_1_route_report_drc_0] "" ] } {
#   create_report_config -report_name impl_1_route_report_drc_0 -report_type report_drc:1.0 -steps route_design -runs impl_1
# }
# set obj [get_report_configs -of_objects [get_runs impl_1] impl_1_route_report_drc_0]
# if { $obj != "" } {
# 
# }
# if { [ string equal [get_report_configs -of_objects [get_runs impl_1] impl_1_route_report_methodology_0] "" ] } {
#   create_report_config -report_name impl_1_route_report_methodology_0 -report_type report_methodology:1.0 -steps route_design -runs impl_1
# }
# set obj [get_report_configs -of_objects [get_runs impl_1] impl_1_route_report_methodology_0]
# if { $obj != "" } {
# 
# }
# if { [ string equal [get_report_configs -of_objects [get_runs impl_1] impl_1_route_report_power_0] "" ] } {
#   create_report_config -report_name impl_1_route_report_power_0 -report_type report_power:1.0 -steps route_design -runs impl_1
# }
# set obj [get_report_configs -of_objects [get_runs impl_1] impl_1_route_report_power_0]
# if { $obj != "" } {
# 
# }
# if { [ string equal [get_report_configs -of_objects [get_runs impl_1] impl_1_route_report_route_status_0] "" ] } {
#   create_report_config -report_name impl_1_route_report_route_status_0 -report_type report_route_status:1.0 -steps route_design -runs impl_1
# }
# set obj [get_report_configs -of_objects [get_runs impl_1] impl_1_route_report_route_status_0]
# if { $obj != "" } {
# 
# }
# if { [ string equal [get_report_configs -of_objects [get_runs impl_1] impl_1_route_report_timing_summary_0] "" ] } {
#   create_report_config -report_name impl_1_route_report_timing_summary_0 -report_type report_timing_summary:1.0 -steps route_design -runs impl_1
# }
# set obj [get_report_configs -of_objects [get_runs impl_1] impl_1_route_report_timing_summary_0]
# if { $obj != "" } {
# set_property -name "options.max_paths" -value "10" -objects $obj
# 
# }
# if { [ string equal [get_report_configs -of_objects [get_runs impl_1] impl_1_route_report_incremental_reuse_0] "" ] } {
#   create_report_config -report_name impl_1_route_report_incremental_reuse_0 -report_type report_incremental_reuse:1.0 -steps route_design -runs impl_1
# }
# set obj [get_report_configs -of_objects [get_runs impl_1] impl_1_route_report_incremental_reuse_0]
# if { $obj != "" } {
# 
# }
# if { [ string equal [get_report_configs -of_objects [get_runs impl_1] impl_1_route_report_clock_utilization_0] "" ] } {
#   create_report_config -report_name impl_1_route_report_clock_utilization_0 -report_type report_clock_utilization:1.0 -steps route_design -runs impl_1
# }
# set obj [get_report_configs -of_objects [get_runs impl_1] impl_1_route_report_clock_utilization_0]
# if { $obj != "" } {
# 
# }
# if { [ string equal [get_report_configs -of_objects [get_runs impl_1] impl_1_route_report_bus_skew_0] "" ] } {
#   create_report_config -report_name impl_1_route_report_bus_skew_0 -report_type report_bus_skew:1.1 -steps route_design -runs impl_1
# }
# set obj [get_report_configs -of_objects [get_runs impl_1] impl_1_route_report_bus_skew_0]
# if { $obj != "" } {
# set_property -name "options.warn_on_violation" -value "1" -objects $obj
# 
# }
# if { [ string equal [get_report_configs -of_objects [get_runs impl_1] impl_1_post_route_phys_opt_report_timing_summary_0] "" ] } {
#   create_report_config -report_name impl_1_post_route_phys_opt_report_timing_summary_0 -report_type report_timing_summary:1.0 -steps post_route_phys_opt_design -runs impl_1
# }
# set obj [get_report_configs -of_objects [get_runs impl_1] impl_1_post_route_phys_opt_report_timing_summary_0]
# if { $obj != "" } {
# set_property -name "options.max_paths" -value "10" -objects $obj
# set_property -name "options.warn_on_violation" -value "1" -objects $obj
# 
# }
# if { [ string equal [get_report_configs -of_objects [get_runs impl_1] impl_1_post_route_phys_opt_report_bus_skew_0] "" ] } {
#   create_report_config -report_name impl_1_post_route_phys_opt_report_bus_skew_0 -report_type report_bus_skew:1.1 -steps post_route_phys_opt_design -runs impl_1
# }
# set obj [get_report_configs -of_objects [get_runs impl_1] impl_1_post_route_phys_opt_report_bus_skew_0]
# if { $obj != "" } {
# set_property -name "options.warn_on_violation" -value "1" -objects $obj
# 
# }
# set obj [get_runs impl_1]
# set_property -name "part" -value "xc7k70tfbv676-1" -objects $obj
# set_property -name "strategy" -value "Vivado Implementation Defaults" -objects $obj
# set_property -name "steps.phys_opt_design.is_enabled" -value "1" -objects $obj
# set_property -name "steps.write_bitstream.args.readback_file" -value "0" -objects $obj
# set_property -name "steps.write_bitstream.args.verbose" -value "0" -objects $obj
# current_run -implementation [get_runs impl_1]
# puts "INFO: Project created:${_xil_proj_name_}"
INFO: Project created:mips_processor
# if {[string equal [get_dashboard_gadgets  [ list "drc_1" ] ] ""]} {
# create_dashboard_gadget -name {drc_1} -type drc
# }
# set obj [get_dashboard_gadgets [ list "drc_1" ] ]
# set_property -name "reports" -value "impl_1#impl_1_route_report_drc_0" -objects $obj
# if {[string equal [get_dashboard_gadgets  [ list "methodology_1" ] ] ""]} {
# create_dashboard_gadget -name {methodology_1} -type methodology
# }
# set obj [get_dashboard_gadgets [ list "methodology_1" ] ]
# set_property -name "reports" -value "impl_1#impl_1_route_report_methodology_0" -objects $obj
# if {[string equal [get_dashboard_gadgets  [ list "power_1" ] ] ""]} {
# create_dashboard_gadget -name {power_1} -type power
# }
# set obj [get_dashboard_gadgets [ list "power_1" ] ]
# set_property -name "reports" -value "impl_1#impl_1_route_report_power_0" -objects $obj
# if {[string equal [get_dashboard_gadgets  [ list "timing_1" ] ] ""]} {
# create_dashboard_gadget -name {timing_1} -type timing
# }
# set obj [get_dashboard_gadgets [ list "timing_1" ] ]
# set_property -name "reports" -value "impl_1#impl_1_route_report_timing_summary_0" -objects $obj
# if {[string equal [get_dashboard_gadgets  [ list "utilization_1" ] ] ""]} {
# create_dashboard_gadget -name {utilization_1} -type utilization
# }
# set obj [get_dashboard_gadgets [ list "utilization_1" ] ]
# set_property -name "reports" -value "synth_1#synth_1_synth_report_utilization_0" -objects $obj
# set_property -name "run.step" -value "synth_design" -objects $obj
# set_property -name "run.type" -value "synthesis" -objects $obj
# if {[string equal [get_dashboard_gadgets  [ list "utilization_2" ] ] ""]} {
# create_dashboard_gadget -name {utilization_2} -type utilization
# }
# set obj [get_dashboard_gadgets [ list "utilization_2" ] ]
# set_property -name "reports" -value "impl_1#impl_1_place_report_utilization_0" -objects $obj
# move_dashboard_gadget -name {utilization_1} -row 0 -col 0
# move_dashboard_gadget -name {power_1} -row 1 -col 0
# move_dashboard_gadget -name {drc_1} -row 2 -col 0
# move_dashboard_gadget -name {timing_1} -row 0 -col 1
# move_dashboard_gadget -name {utilization_2} -row 1 -col 1
# move_dashboard_gadget -name {methodology_1} -row 2 -col 1
# close_project
# file copy -force ${_xil_proj_name_}/${_xil_proj_name_}.xpr ${_xil_proj_name_}.xpr
# file delete -force ${_xil_proj_name_}
# open_project ${_xil_proj_name_}.xpr
INFO: [Project 1-313] Project file moved from 'F:/cmpe140/mips_processor/mips_processor' since last save.
WARNING: [Project 1-312] File not found as 'F:/cmpe140/mips_processor.srcs/sources_1/new/adder.v'; using path 'F:/cmpe140/mips_processor/mips_processor.srcs/sources_1/new/adder.v' instead.
WARNING: [Project 1-312] File not found as 'F:/cmpe140/mips_processor.srcs/sources_1/new/alu.v'; using path 'F:/cmpe140/mips_processor/mips_processor.srcs/sources_1/new/alu.v' instead.
WARNING: [Project 1-312] File not found as 'F:/cmpe140/mips_processor.srcs/sources_1/new/auxdec.v'; using path 'F:/cmpe140/mips_processor/mips_processor.srcs/sources_1/new/auxdec.v' instead.
WARNING: [Project 1-312] File not found as 'F:/cmpe140/mips_processor.srcs/sources_1/new/button_debouncer.v'; using path 'F:/cmpe140/mips_processor/mips_processor.srcs/sources_1/new/button_debouncer.v' instead.
WARNING: [Project 1-312] File not found as 'F:/cmpe140/mips_processor.srcs/sources_1/new/clk_gen.v'; using path 'F:/cmpe140/mips_processor/mips_processor.srcs/sources_1/new/clk_gen.v' instead.
WARNING: [Project 1-312] File not found as 'F:/cmpe140/mips_processor.srcs/sources_1/new/controlunit.v'; using path 'F:/cmpe140/mips_processor/mips_processor.srcs/sources_1/new/controlunit.v' instead.
WARNING: [Project 1-312] File not found as 'F:/cmpe140/mips_processor.srcs/sources_1/new/datapath.v'; using path 'F:/cmpe140/mips_processor/mips_processor.srcs/sources_1/new/datapath.v' instead.
WARNING: [Project 1-312] File not found as 'F:/cmpe140/mips_processor.srcs/sources_1/new/dmem.v'; using path 'F:/cmpe140/mips_processor/mips_processor.srcs/sources_1/new/dmem.v' instead.
WARNING: [Project 1-312] File not found as 'F:/cmpe140/mips_processor.srcs/sources_1/new/dreg.v'; using path 'F:/cmpe140/mips_processor/mips_processor.srcs/sources_1/new/dreg.v' instead.
WARNING: [Project 1-312] File not found as 'F:/cmpe140/mips_processor.srcs/sources_1/new/hex_to_7seg.v'; using path 'F:/cmpe140/mips_processor/mips_processor.srcs/sources_1/new/hex_to_7seg.v' instead.
WARNING: [Project 1-312] File not found as 'F:/cmpe140/mips_processor.srcs/sources_1/new/imem.v'; using path 'F:/cmpe140/mips_processor/mips_processor.srcs/sources_1/new/imem.v' instead.
WARNING: [Project 1-312] File not found as 'F:/cmpe140/mips_processor.srcs/sources_1/new/led_mux.v'; using path 'F:/cmpe140/mips_processor/mips_processor.srcs/sources_1/new/led_mux.v' instead.
WARNING: [Project 1-312] File not found as 'F:/cmpe140/mips_processor.srcs/sources_1/new/maindec.v'; using path 'F:/cmpe140/mips_processor/mips_processor.srcs/sources_1/new/maindec.v' instead.
WARNING: [Project 1-312] File not found as 'F:/cmpe140/mips_processor.srcs/sources_1/new/mips.v'; using path 'F:/cmpe140/mips_processor/mips_processor.srcs/sources_1/new/mips.v' instead.
WARNING: [Project 1-312] File not found as 'F:/cmpe140/mips_processor.srcs/sources_1/new/mips_top.v'; using path 'F:/cmpe140/mips_processor/mips_processor.srcs/sources_1/new/mips_top.v' instead.
WARNING: [Project 1-312] File not found as 'F:/cmpe140/mips_processor.srcs/sources_1/new/mux2.v'; using path 'F:/cmpe140/mips_processor/mips_processor.srcs/sources_1/new/mux2.v' instead.
WARNING: [Project 1-312] File not found as 'F:/cmpe140/mips_processor.srcs/sources_1/new/regfile.v'; using path 'F:/cmpe140/mips_processor/mips_processor.srcs/sources_1/new/regfile.v' instead.
WARNING: [Project 1-312] File not found as 'F:/cmpe140/mips_processor.srcs/sources_1/new/signext.v'; using path 'F:/cmpe140/mips_processor/mips_processor.srcs/sources_1/new/signext.v' instead.
WARNING: [Project 1-312] File not found as 'F:/cmpe140/mips_processor.srcs/sources_1/new/mips_fpga.v'; using path 'F:/cmpe140/mips_processor/mips_processor.srcs/sources_1/new/mips_fpga.v' instead.
WARNING: [Project 1-312] File not found as 'F:/cmpe140/mips_processor.srcs/sources_1/new/mux6.v'; using path 'F:/cmpe140/mips_processor/mips_processor.srcs/sources_1/new/mux6.v' instead.
WARNING: [Project 1-312] File not found as 'F:/cmpe140/mips_processor.srcs/sources_1/new/multiplier.v'; using path 'F:/cmpe140/mips_processor/mips_processor.srcs/sources_1/new/multiplier.v' instead.
WARNING: [Project 1-312] File not found as 'F:/cmpe140/mips_processor.srcs/sources_1/new/shifter.v'; using path 'F:/cmpe140/mips_processor/mips_processor.srcs/sources_1/new/shifter.v' instead.
WARNING: [Project 1-312] File not found as 'F:/cmpe140/mips_processor.srcs/sources_1/new/mux3.v'; using path 'F:/cmpe140/mips_processor/mips_processor.srcs/sources_1/new/mux3.v' instead.
WARNING: [Project 1-312] File not found as 'F:/cmpe140/mips_processor.srcs/constrs_1/new/mips_fpga.xdc'; using path 'F:/cmpe140/mips_processor/mips_processor.srcs/constrs_1/new/mips_fpga.xdc' instead.
WARNING: [Project 1-312] File not found as 'F:/cmpe140/mips_processor.srcs/sim_1/new/tb_mips_top.v'; using path 'F:/cmpe140/mips_processor/mips_processor.srcs/sim_1/new/tb_mips_top.v' instead.
Scanning sources...
Finished scanning sources
INFO: [IP_Flow 19-234] Refreshing IP repositories
INFO: [IP_Flow 19-1704] No user IP repositories specified
INFO: [IP_Flow 19-2313] Loaded Vivado IP repository 'F:/Xilinx/Vivado/2019.2/data/ip'.
mips_processor
update_compile_order -fileset sources_1
update_compile_order -fileset sim_1
set_property top tb_mips_top [get_filesets sim_1]
set_property top_lib xil_defaultlib [get_filesets sim_1]
update_compile_order -fileset sim_1
exit
INFO: [Common 17-206] Exiting Vivado at Sat Apr 11 21:37:23 2020...
