********************************************************************************
* Unified simulation Tcl App stack trace dump
*
* File: .usf.tcl_error.log (Mon Apr 13 01:25:57 2020)
*
* This file is generated by the unified simulation automation and contains the
* tcl stack trace of error returned by the simulator App for the current run.
*
********************************************************************************
ERROR: [Common 17-39] 'send_msg_id' failed due to earlier errors.

    while executing
"send_msg_id USF-[usf_aldec_getSimulatorName]-35 ERROR  "Failed to locate '$tool_name' executable in the shell environment 'PATH' variable. Please sour..."
    (procedure "::tclapp::aldec::common::helpers::usf_aldec_set_simulator_pa..." line 42)
    invoked from within
"::tclapp::aldec::common::helpers::usf_aldec_set_simulator_path"
    (procedure "usf_aldec_setup_simulation" line 8)
    invoked from within
"usf_aldec_setup_simulation"
    (procedure "::tclapp::aldec::common::sim::setup" line 15)
    invoked from within
"::tclapp::aldec::common::sim::setup { -simset sim_1 -mode behavioral -run_dir C:/Users/thoma/Vivado/Single-Cycle-MIPS-Processor-FPGA/mips_processor.si..."
    ("eval" body line 1)
    invoked from within
"eval ::tclapp::aldec::common::sim::setup $args"
    (procedure "tclapp::aldec::activehdl::setup" line 11)
    invoked from within
"tclapp::aldec::activehdl::setup { -simset sim_1 -mode behavioral -run_dir C:/Users/thoma/Vivado/Single-Cycle-MIPS-Processor-FPGA/mips_processor.sim/si..."
